ý
		########################################
		#    ADC to memory transfer via DMA.   #
		########################################

Buffer 1:
========

 Index 	  Address         Value(h)        Value(d)     voltage (mV)
 -----	------------    -------------    ----------   -------------- 
   0	 0x1ffff144       0x00005b00        23296           1173
   1	 0x1ffff148       0x00006988        27016           1360
   2	 0x1ffff14c       0x000056f8        22264           1121
   3	 0x1ffff150       0x00005268        21096           1062
   4	 0x1ffff154       0x00004584        17796           896
   5	 0x1ffff158       0x0000510b        20747           1044
   6	 0x1ffff15c       0x00004728        18216           917
   7	 0x1ffff160       0x000047d4        18388           925

+++++++++++++++++
Buffer 2:
========
   0	 0x1ffff170       0x00000000        0           0
   1	 0x1ffff174       0x00000000        0           0
   2	 0x1ffff178       0x00000000        0           0
   3	 0x1ffff17c       0x00000000        0           0
   4	 0x1ffff180       0x00000000        0           0
   5	 0x1ffff184       0x00000000        0           0
   6	 0x1ffff188       0x00000000        0           0
   7	 0x1ffff18c       0x00000000        0           0

		########################################
		#    ADC to memory transfer via DMA.   #
		########################################

Buffer 1:
========

 Index 	  Address         Value(h)        Value(d)     voltage (mV)
 -----	------------    -------------    ----------   -------------- 
   0	 0x1ffff144       0x00005b00        23296           1173
   1	 0x1ffff148       0x00006988        27016           1360
   2	 0x1ffff14c       0x000056f8        22264           1121
   3	 0x1ffff150       0x00005268        21096           1062
   4	 0x1ffff154       0x00004584        17796           896
   5	 0x1ffff158       0x0000510b        20747           1044
   6	 0x1ffff15c       0x00004728        18216           917
   7	 0x1ffff160       0x000047d4        18388           925

+++++++++++++++++
Buffer 2:
========
   0	 0x1ffff170       0x00005764        22372           1126
   1	 0x1ffff174       0x00005228        21032           1059
   2	 0x1ffff178       0x00004598        17816           897
   3	 0x1ffff17c       0x00004fdb        20443           1029
   4	 0x1ffff180       0x00004c4c        19532           983
   5	 0x1ffff184       0x00005a78        23160           1166
   6	 0x1ffff188       0x00004971        18801           946
   7	 0x1ffff18c       0x00004267        16999           855

		########################################
		#    ADC to memory transfer via DMA.   #
		########################################

Buffer 1:
========

 Index 	  Address         Value(h)        Value(d)     voltage (mV)
 -----	------------    -------------    ----------   -------------- 
   0	 0x1ffff144       0x000055f0        22000           1107
   1	 0x1ffff148       0x00005bd8        23512           1183
   2	 0x1ffff14c       0x0000674f        26447           1331
   3	 0x1ffff150       0x00005d70        23920           1204
   4	 0x1ffff154       0x000064b0        25776           1297
   5	 0x1ffff158       0x00006958        26968           1357
   6	 0x1ffff15c       0x000058cc        22732           1144
   7	 0x1ffff160       0x00004e18        19992           1006

+++++++++++++++++
Buffer 2:
========
   0	 0x1ffff170       0x00005764        22372           1126
   1	 0x1ffff174       0x00005228        21032           1059
   2	 0x1ffff178       0x00004598        17816           897
   3	 0x1ffff17c       0x00004fdb        20443           1029
   4	 0x1ffff180       0x00004c4c        19532           983
   5	 0x1ffff184       0x00005a78        23160           1166
   6	 0x1ffff188       0x00004971        18801           946
   7	 0x1ffff18c       0x00004267        16999           855

		########################################
		#    ADC to memory transfer via DMA.   #
		########################################

Buffer 1:
========

 Index 	  Address         Value(h)        Value(d)     voltage (mV)
 -----	------------    -------------    ----------   -------------- 
   0	 0x1ffff144       0x000055f0        22000           1107
   1	 0x1ffff148       0x00005bd8        23512           1183
   2	 0x1ffff14c       0x0000674f        26447           1331
   3	 0x1ffff150       0x00005d70        23920           1204
   4	 0x1ffff154       0x000064b0        25776           1297
   5	 0x1ffff158       0x00006958        26968           1357
   6	 0x1ffff15c       0x000058cc        22732           1144
   7	 0x1ffff160       0x00004e18        19992           1006

+++++++++++++++++
Buffer 2:
========
   0	 0x1ffff170       0x0000504e        20558           1035
   1	 0x1ffff174       0x00004bce        19406           977
   2	 0x1ffff178       0x00005b4c        23372           1176
   3	 0x1ffff17c       0x000069bf        27071           1363
   4	 0x1ffff180       0x00005758        22360           1125
   5	 0x1ffff184       0x0000529e        21150           1064
   6	 0x1ffff188       0x00004506        17670           889
   7	 0x1ffff18c       0x00005138        20792           1046

		########################################
		#    ADC to memory transfer via DMA.   #
		########################################

Buffer 1:
========

 Index 	  Address         Value(h)        Value(d)     voltage (mV)
 -----	------------    -------------    ----------   -------------- 
   0	 0x1ffff144       0x00004f7a        20346           1024
   1	 0x1ffff148       0x00004aaf        19119           962
   2	 0x1ffff14c       0x00003f17        16151           813
   3	 0x1ffff150       0x000041b8        16824           847
   4	 0x1ffff154       0x00003a3b        14907           750
   5	 0x1ffff158       0x000034b3        13491           679
   6	 0x1ffff15c       0x000047d8        18392           926
   7	 0x1ffff160       0x00004420        17440           878

+++++++++++++++++
Buffer 2:
========
   0	 0x1ffff170       0x0000504e        20558           1035
   1	 0x1ffff174       0x00004bce        19406           977
   2	 0x1ffff178       0x00005b4c        23372           1176
   3	 0x1ffff17c       0x000069bf        27071           1363
   4	 0x1ffff180       0x00005758        22360           1125
   5	 0x1ffff184       0x0000529e        21150           1064
   6	 0x1ffff188       0x00004506        17670           889
   7	 0x1ffff18c       0x00005138        20792           1046

		########################################
		#    ADC to memory transfer via DMA.   #
		########################################

Buffer 1:
========

 Index 	  Address         Value(h)        Value(d)     voltage (mV)
 -----	------------    -------------    ----------   -------------- 
   0	 0x1ffff144       0x00004f7a        20346           1024
   1	 0x1ffff148       0x00004aaf        19119           962
   2	 0x1ffff14c       0x00003f17        16151           813
   3	 0x1ffff150       0x000041b8        16824           847
   4	 0x1ffff154       0x00003a3b        14907           750
   5	 0x1ffff158       0x000034b3        13491           679
   6	 0x1ffff15c       0x000047d8        18392           926
   7	 0x1ffff160       0x00004420        17440           878

+++++++++++++++++
Buffer 2:
========
   0	 0x1ffff170       0x000049e2        18914           952
   1	 0x1ffff174       0x00003fb2        16306           821
   2	 0x1ffff178       0x00004228        16936           852
   3	 0x1ffff17c       0x00003866        14438           727
   4	 0x1ffff180       0x000039b8        14776           744
   5	 0x1ffff184       0x000034a6        13478           678
   6	 0x1ffff188       0x000046f7        18167           914
   7	 0x1ffff18c       0x00004867        18535           933

Double Buffer swap size 8 each
