
		########################################
		#    ADC to memory transfer via DMA.   #
		########################################

Buffer 1:
========

 Index 	  Address         Value(h)        Value(d)     voltage (mV)
 -----	------------    -------------    ----------   -------------- 
   0	 0x1ffff13c       0x00004a18        18968           955
   1	 0x1ffff140       0x00003e98        16024           806
   2	 0x1ffff144       0x000047d8        18392           926
   3	 0x1ffff148       0x00004447        17479           880
   4	 0x1ffff14c       0x00005478        21624           1088
   5	 0x1ffff150       0x00005ca0        23712           1193
   6	 0x1ffff154       0x000061e9        25065           1262
   7	 0x1ffff158       0x00005078        20600           1037
   8	 0x1ffff15c       0x000048f8        18680           940
   9	 0x1ffff160       0x0000434f        17231           867
   10	 0x1ffff164       0x000054b1        21681           1091
   11	 0x1ffff168       0x00005d7c        23932           1205
   12	 0x1ffff16c       0x0000611a        24858           1251
   13	 0x1ffff170       0x0000510d        20749           1044
   14	 0x1ffff174       0x00004828        18472           930
   15	 0x1ffff178       0x000044d8        17624           887

Press 'Enter' to exit, or any other key to continue...


		########################################
		#    ADC to memory transfer via DMA.   #
		########################################

Buffer 1:
========

 Index 	  Address         Value(h)        Value(d)     voltage (mV)
 -----	------------    -------------    ----------   -------------- 
   0	 0x1ffff13c       0x00003e93        16019           806
   1	 0x1ffff140       0x0000494c        18764           944
   2	 0x1ffff144       0x000040d8        16600           835
   3	 0x1ffff148       0x00003f58        16216           816
   4	 0x1ffff14c       0x00004152        16722           842
   5	 0x1ffff150       0x00003c9f        15519           781
   6	 0x1ffff154       0x00004da8        19880           1001
   7	 0x1ffff158       0x00005400        21504           1082
   8	 0x1ffff15c       0x00005ee2        24290           1223
   9	 0x1ffff160       0x000057ab        22443           1130
   10	 0x1ffff164       0x00004f9b        20379           1026
   11	 0x1ffff168       0x00004c74        19572           985
   12	 0x1ffff16c       0x00005801        22529           1134
   13	 0x1ffff170       0x00004fba        20410           1027
   14	 0x1ffff174       0x00004b79        19321           972
   15	 0x1ffff178       0x00005939        22841           1150

Press 'Enter' to exit, or any other key to continue...


		########################################
		#    ADC to memory transfer via DMA.   #
		########################################

Buffer 1:
========

 Index 	  Address         Value(h)        Value(d)     voltage (mV)
 -----	------------    -------------    ----------   -------------- 
   0	 0x1ffff13c       0x00003fd8        16344           822
   1	 0x1ffff140       0x000040cc        16588           835
   2	 0x1ffff144       0x00003e58        15960           803
   3	 0x1ffff148       0x00004958        18776           945
   4	 0x1ffff14c       0x000040e4        16612           836
   5	 0x1ffff150       0x00003ebb        16059           808
   6	 0x1ffff154       0x00004892        18578           935
   7	 0x1ffff158       0x00004398        17304           871
   8	 0x1ffff15c       0x00005540        21824           1098
   9	 0x1ffff160       0x00005a6c        23148           1165
   10	 0x1ffff164       0x00004a40        19008           957
   11	 0x1ffff168       0x000040a0        16544           833
   12	 0x1ffff16c       0x00003e4d        15949           803
   13	 0x1ffff170       0x000049ba        18874           950
   14	 0x1ffff174       0x00004128        16680           839
   15	 0x1ffff178       0x00003c8a        15498           780

Press 'Enter' to exit, or any other key to continue...


Good Bye!

User exit / continue option added
